  Lab4.cpp
f:\сибгути\2 курс\3 семестр\ооп\lab4\lab4\figures.h(78): warning C4244: аргумент: преобразование "int" в "float", возможна потеря данных
f:\сибгути\2 курс\3 семестр\ооп\lab4\lab4\figures.h(83): warning C4244: аргумент: преобразование "int" в "float", возможна потеря данных
f:\сибгути\2 курс\3 семестр\ооп\lab4\lab4\figures.h(110): warning C4244: +=: преобразование "float" в "int", возможна потеря данных
f:\сибгути\2 курс\3 семестр\ооп\lab4\lab4\figures.h(111): warning C4244: +=: преобразование "float" в "int", возможна потеря данных
f:\сибгути\2 курс\3 семестр\ооп\lab4\lab4\figures.h(123): warning C4244: аргумент: преобразование "int" в "float", возможна потеря данных
f:\сибгути\2 курс\3 семестр\ооп\lab4\lab4\figures.h(134): warning C4244: аргумент: преобразование "int" в "float", возможна потеря данных
f:\сибгути\2 курс\3 семестр\ооп\lab4\lab4\figures.h(135): warning C4244: аргумент: преобразование "int" в "float", возможна потеря данных
f:\сибгути\2 курс\3 семестр\ооп\lab4\lab4\figures.h(139): warning C4244: аргумент: преобразование "int" в "float", возможна потеря данных
f:\сибгути\2 курс\3 семестр\ооп\lab4\lab4\figures.h(155): warning C4244: аргумент: преобразование "int" в "float", возможна потеря данных
f:\сибгути\2 курс\3 семестр\ооп\lab4\lab4\figures.h(156): warning C4244: аргумент: преобразование "int" в "T", возможна потеря данных
          with
          [
              T=float
          ]
f:\сибгути\2 курс\3 семестр\ооп\lab4\lab4\figures.h(160): warning C4244: аргумент: преобразование "int" в "float", возможна потеря данных
f:\сибгути\2 курс\3 семестр\ооп\lab4\lab4\figures.h(169): warning C4244: аргумент: преобразование "int" в "float", возможна потеря данных
f:\сибгути\2 курс\3 семестр\ооп\lab4\lab4\figures.h(181): warning C4244: аргумент: преобразование "int" в "float", возможна потеря данных
f:\сибгути\2 курс\3 семестр\ооп\lab4\lab4\figures.h(182): warning C4244: аргумент: преобразование "int" в "T", возможна потеря данных
          with
          [
              T=float
          ]
f:\сибгути\2 курс\3 семестр\ооп\lab4\lab4\figures.h(185): warning C4244: аргумент: преобразование "int" в "float", возможна потеря данных
f:\сибгути\2 курс\3 семестр\ооп\lab4\lab4\figures.h(202): warning C4244: аргумент: преобразование "int" в "float", возможна потеря данных
f:\сибгути\2 курс\3 семестр\ооп\lab4\lab4\figures.h(203): warning C4244: аргумент: преобразование "int" в "float", возможна потеря данных
f:\сибгути\2 курс\3 семестр\ооп\lab4\lab4\figures.h(208): warning C4244: аргумент: преобразование "int" в "float", возможна потеря данных
f:\сибгути\2 курс\3 семестр\ооп\lab4\lab4\figures.h(221): warning C4244: аргумент: преобразование "int" в "float", возможна потеря данных
f:\сибгути\2 курс\3 семестр\ооп\lab4\lab4\figures.h(222): warning C4244: аргумент: преобразование "int" в "float", возможна потеря данных
f:\сибгути\2 курс\3 семестр\ооп\lab4\lab4\figures.h(227): warning C4244: аргумент: преобразование "int" в "float", возможна потеря данных
f:\сибгути\2 курс\3 семестр\ооп\lab4\lab4\figures.h(241): warning C4244: аргумент: преобразование "int" в "float", возможна потеря данных
f:\сибгути\2 курс\3 семестр\ооп\lab4\lab4\figures.h(242): warning C4244: аргумент: преобразование "int" в "T", возможна потеря данных
          with
          [
              T=float
          ]
f:\сибгути\2 курс\3 семестр\ооп\lab4\lab4\figures.h(246): warning C4244: аргумент: преобразование "int" в "float", возможна потеря данных
f:\сибгути\2 курс\3 семестр\ооп\lab4\lab4\figures.h(259): warning C4244: аргумент: преобразование "int" в "float", возможна потеря данных
f:\сибгути\2 курс\3 семестр\ооп\lab4\lab4\lab4.cpp(25): warning C4244: инициализация: преобразование "sf::Int64" в "float", возможна потеря данных
  Lab4.vcxproj -> F:\СибГУТИ\2 курс\3 семестр\ООП\Lab4\x64\Debug\Lab4.exe
